c:\users\senior\source\repos\ds\ds\x64\debug\vc143.pdb
c:\users\senior\source\repos\ds\ds\x64\debug\.netframework,version=v4.7.2.assemblyattributes.obj
c:\users\senior\source\repos\ds\ds\x64\debug\myform.obj
c:\users\senior\source\repos\ds\ds\x64\debug\town.obj
c:\users\senior\source\repos\ds\ds\x64\debug\graph.obj
c:\users\senior\source\repos\ds\ds\x64\debug\dijkstra.obj
c:\users\senior\source\repos\ds\ds\x64\debug\loaddata.obj
c:\users\senior\source\repos\ds\ds\x64\debug\savedata.obj
c:\users\senior\source\repos\ds\ds\x64\debug\display.obj
c:\users\senior\source\repos\ds\ds\x64\debug\home.obj
c:\users\senior\source\repos\ds\ds\x64\debug\bellmanford.obj
c:\users\senior\source\repos\ds\ds\x64\debug\ds.myform.resources
c:\users\senior\source\repos\ds\ds\x64\debug\ds.uigraph.resources
c:\users\senior\source\repos\ds\ds\x64\debug\ds.myform1.resources
c:\users\senior\source\repos\ds\ds\x64\debug\ds.createnewgraph.resources
c:\users\senior\source\repos\ds\ds\x64\debug\ds.home.resources
c:\users\senior\source\repos\ds\x64\debug\ds.exe
c:\users\senior\source\repos\ds\x64\debug\ds.pdb
c:\users\senior\source\repos\ds\ds\x64\debug\createnewgraph.obj
c:\users\senior\source\repos\ds\ds\x64\debug\myform1.obj
c:\users\senior\source\repos\ds\ds\x64\debug\uigraph.obj
c:\users\senior\source\repos\ds\ds\x64\debug\ds.tlog\cl.command.1.tlog
c:\users\senior\source\repos\ds\ds\x64\debug\ds.tlog\cl.read.1.tlog
c:\users\senior\source\repos\ds\ds\x64\debug\ds.tlog\cl.write.1.tlog
c:\users\senior\source\repos\ds\ds\x64\debug\ds.tlog\ds.write.1u.tlog
c:\users\senior\source\repos\ds\ds\x64\debug\ds.tlog\link.command.1.tlog
c:\users\senior\source\repos\ds\ds\x64\debug\ds.tlog\link.read.1.tlog
c:\users\senior\source\repos\ds\ds\x64\debug\ds.tlog\link.write.1.tlog
c:\users\senior\source\repos\ds\ds\x64\debug\ds.tlog\metagen.read.1.tlog
c:\users\senior\source\repos\ds\ds\x64\debug\ds.tlog\metagen.write.1.tlog
